Hello simple system

Add 123.243 & 475.875: 00000257.00002DB4

100 FMADDs result in: 00000000

Sign, max and fnmsub in while loop testing.
 Final result:00000000

Testing Classify instructions: 
 Expecting 0x1: 00000040
 Expecting 0x2: 00000002
 Expecting 0x4: 00000004
 Expecting 0x8: 00000008
 Expecting 0x10: 00000010
 Expecting 0x20: 00000020
 Expecting 0x40: 00000040
 Expecting 0x80: 00000080
 Expecting 0x100: 00000100
 Expecting 0x200: 00000200

Testing MIN instructions: 
 Min(0.0, -0.0), expecting: 0x8000000: 00000200
 Min(1.0e-43, 1.0e-44), expecting: 0x0000007: 00000200
 Min(2.0e38f, 2.1e38f), expecting: 0x7f167699: 00000200

Testing MAX instructions: 
 MAX(0.0, -0.0), expecting: 0x0: 00000200
 MAX(1.0e-43, 1.0e-44), expecting: 0x00000047: 00000200
 MAX(2.0e38f, 2.1e38f), expecting: 0x7f1dfc87: 00000200

Tick!
Tock!
Tick!
Tock!
Tick!
